Created by PLY version 3.8 (http://www.dabeaz.com/ply)

Unused terminals:

    LITERAL_LINE
    NODENT

Grammar

Rule 0     S' -> docs
Rule 1     docs -> DOC_START_INDICATOR doc DOC_END_INDICATOR docs
Rule 2     docs -> DOC_START_INDICATOR doc docs
Rule 3     docs -> DOC_START_INDICATOR doc DOC_END_INDICATOR
Rule 4     docs -> DOC_START_INDICATOR doc
Rule 5     docs -> doc
Rule 6     doc -> collection
Rule 7     doc -> scalar
Rule 8     doc -> INDENT collection DEDENT
Rule 9     doc -> INDENT collection
Rule 10    doc -> INDENT scalar DEDENT
Rule 11    doc -> INDENT scalar
Rule 12    collection -> sequence
Rule 13    collection -> map
Rule 14    map -> map_item map
Rule 15    map -> map_item
Rule 16    map_item -> scalar MAP_INDICATOR scalar
Rule 17    sequence -> sequence_item sequence
Rule 18    sequence -> sequence_item
Rule 19    sequence_item -> SEQUENCE_INDICATOR scalar
Rule 20    scalar -> CAST_TYPE scalar
Rule 21    scalar -> SCALAR

Terminals, with rules where they appear

CAST_TYPE            : 20
DEDENT               : 8 10
DOC_END_INDICATOR    : 1 3
DOC_START_INDICATOR  : 1 2 3 4
INDENT               : 8 9 10 11
LITERAL_LINE         : 
MAP_INDICATOR        : 16
NODENT               : 
SCALAR               : 21
SEQUENCE_INDICATOR   : 19
error                : 

Nonterminals, with rules where they appear

collection           : 6 8 9
doc                  : 1 2 3 4 5
docs                 : 1 2 0
map                  : 13 14
map_item             : 14 15
scalar               : 7 10 11 16 16 19 20
sequence             : 12 17
sequence_item        : 17 18

Parsing method: LALR

state 0

    (0) S' -> . docs
    (1) docs -> . DOC_START_INDICATOR doc DOC_END_INDICATOR docs
    (2) docs -> . DOC_START_INDICATOR doc docs
    (3) docs -> . DOC_START_INDICATOR doc DOC_END_INDICATOR
    (4) docs -> . DOC_START_INDICATOR doc
    (5) docs -> . doc
    (6) doc -> . collection
    (7) doc -> . scalar
    (8) doc -> . INDENT collection DEDENT
    (9) doc -> . INDENT collection
    (10) doc -> . INDENT scalar DEDENT
    (11) doc -> . INDENT scalar
    (12) collection -> . sequence
    (13) collection -> . map
    (20) scalar -> . CAST_TYPE scalar
    (21) scalar -> . SCALAR
    (17) sequence -> . sequence_item sequence
    (18) sequence -> . sequence_item
    (14) map -> . map_item map
    (15) map -> . map_item
    (19) sequence_item -> . SEQUENCE_INDICATOR scalar
    (16) map_item -> . scalar MAP_INDICATOR scalar

    DOC_START_INDICATOR shift and go to state 3
    INDENT          shift and go to state 2
    CAST_TYPE       shift and go to state 9
    SCALAR          shift and go to state 7
    SEQUENCE_INDICATOR shift and go to state 5

    map                            shift and go to state 1
    sequence                       shift and go to state 4
    docs                           shift and go to state 6
    collection                     shift and go to state 8
    scalar                         shift and go to state 10
    doc                            shift and go to state 11
    sequence_item                  shift and go to state 12
    map_item                       shift and go to state 13

state 1

    (13) collection -> map .

    DEDENT          reduce using rule 13 (collection -> map .)
    $end            reduce using rule 13 (collection -> map .)
    DOC_END_INDICATOR reduce using rule 13 (collection -> map .)
    DOC_START_INDICATOR reduce using rule 13 (collection -> map .)
    INDENT          reduce using rule 13 (collection -> map .)
    CAST_TYPE       reduce using rule 13 (collection -> map .)
    SCALAR          reduce using rule 13 (collection -> map .)
    SEQUENCE_INDICATOR reduce using rule 13 (collection -> map .)


state 2

    (8) doc -> INDENT . collection DEDENT
    (9) doc -> INDENT . collection
    (10) doc -> INDENT . scalar DEDENT
    (11) doc -> INDENT . scalar
    (12) collection -> . sequence
    (13) collection -> . map
    (20) scalar -> . CAST_TYPE scalar
    (21) scalar -> . SCALAR
    (17) sequence -> . sequence_item sequence
    (18) sequence -> . sequence_item
    (14) map -> . map_item map
    (15) map -> . map_item
    (19) sequence_item -> . SEQUENCE_INDICATOR scalar
    (16) map_item -> . scalar MAP_INDICATOR scalar

    CAST_TYPE       shift and go to state 9
    SCALAR          shift and go to state 7
    SEQUENCE_INDICATOR shift and go to state 5

    map                            shift and go to state 1
    sequence                       shift and go to state 4
    collection                     shift and go to state 14
    scalar                         shift and go to state 15
    sequence_item                  shift and go to state 12
    map_item                       shift and go to state 13

state 3

    (1) docs -> DOC_START_INDICATOR . doc DOC_END_INDICATOR docs
    (2) docs -> DOC_START_INDICATOR . doc docs
    (3) docs -> DOC_START_INDICATOR . doc DOC_END_INDICATOR
    (4) docs -> DOC_START_INDICATOR . doc
    (6) doc -> . collection
    (7) doc -> . scalar
    (8) doc -> . INDENT collection DEDENT
    (9) doc -> . INDENT collection
    (10) doc -> . INDENT scalar DEDENT
    (11) doc -> . INDENT scalar
    (12) collection -> . sequence
    (13) collection -> . map
    (20) scalar -> . CAST_TYPE scalar
    (21) scalar -> . SCALAR
    (17) sequence -> . sequence_item sequence
    (18) sequence -> . sequence_item
    (14) map -> . map_item map
    (15) map -> . map_item
    (19) sequence_item -> . SEQUENCE_INDICATOR scalar
    (16) map_item -> . scalar MAP_INDICATOR scalar

    INDENT          shift and go to state 2
    CAST_TYPE       shift and go to state 9
    SCALAR          shift and go to state 7
    SEQUENCE_INDICATOR shift and go to state 5

    map                            shift and go to state 1
    sequence                       shift and go to state 4
    doc                            shift and go to state 16
    collection                     shift and go to state 8
    scalar                         shift and go to state 10
    sequence_item                  shift and go to state 12
    map_item                       shift and go to state 13

state 4

    (12) collection -> sequence .

    DEDENT          reduce using rule 12 (collection -> sequence .)
    $end            reduce using rule 12 (collection -> sequence .)
    DOC_END_INDICATOR reduce using rule 12 (collection -> sequence .)
    DOC_START_INDICATOR reduce using rule 12 (collection -> sequence .)
    INDENT          reduce using rule 12 (collection -> sequence .)
    CAST_TYPE       reduce using rule 12 (collection -> sequence .)
    SCALAR          reduce using rule 12 (collection -> sequence .)
    SEQUENCE_INDICATOR reduce using rule 12 (collection -> sequence .)


state 5

    (19) sequence_item -> SEQUENCE_INDICATOR . scalar
    (20) scalar -> . CAST_TYPE scalar
    (21) scalar -> . SCALAR

    CAST_TYPE       shift and go to state 9
    SCALAR          shift and go to state 7

    scalar                         shift and go to state 17

state 6

    (0) S' -> docs .



state 7

    (21) scalar -> SCALAR .

    DEDENT          reduce using rule 21 (scalar -> SCALAR .)
    MAP_INDICATOR   reduce using rule 21 (scalar -> SCALAR .)
    $end            reduce using rule 21 (scalar -> SCALAR .)
    DOC_END_INDICATOR reduce using rule 21 (scalar -> SCALAR .)
    DOC_START_INDICATOR reduce using rule 21 (scalar -> SCALAR .)
    INDENT          reduce using rule 21 (scalar -> SCALAR .)
    CAST_TYPE       reduce using rule 21 (scalar -> SCALAR .)
    SCALAR          reduce using rule 21 (scalar -> SCALAR .)
    SEQUENCE_INDICATOR reduce using rule 21 (scalar -> SCALAR .)


state 8

    (6) doc -> collection .

    $end            reduce using rule 6 (doc -> collection .)
    DOC_END_INDICATOR reduce using rule 6 (doc -> collection .)
    DOC_START_INDICATOR reduce using rule 6 (doc -> collection .)
    INDENT          reduce using rule 6 (doc -> collection .)
    CAST_TYPE       reduce using rule 6 (doc -> collection .)
    SCALAR          reduce using rule 6 (doc -> collection .)
    SEQUENCE_INDICATOR reduce using rule 6 (doc -> collection .)


state 9

    (20) scalar -> CAST_TYPE . scalar
    (20) scalar -> . CAST_TYPE scalar
    (21) scalar -> . SCALAR

    CAST_TYPE       shift and go to state 9
    SCALAR          shift and go to state 7

    scalar                         shift and go to state 18

state 10

    (7) doc -> scalar .
    (16) map_item -> scalar . MAP_INDICATOR scalar

    $end            reduce using rule 7 (doc -> scalar .)
    DOC_END_INDICATOR reduce using rule 7 (doc -> scalar .)
    DOC_START_INDICATOR reduce using rule 7 (doc -> scalar .)
    INDENT          reduce using rule 7 (doc -> scalar .)
    CAST_TYPE       reduce using rule 7 (doc -> scalar .)
    SCALAR          reduce using rule 7 (doc -> scalar .)
    SEQUENCE_INDICATOR reduce using rule 7 (doc -> scalar .)
    MAP_INDICATOR   shift and go to state 19


state 11

    (5) docs -> doc .

    $end            reduce using rule 5 (docs -> doc .)


state 12

    (17) sequence -> sequence_item . sequence
    (18) sequence -> sequence_item .
    (17) sequence -> . sequence_item sequence
    (18) sequence -> . sequence_item
    (19) sequence_item -> . SEQUENCE_INDICATOR scalar

  ! shift/reduce conflict for SEQUENCE_INDICATOR resolved as shift
    $end            reduce using rule 18 (sequence -> sequence_item .)
    DOC_END_INDICATOR reduce using rule 18 (sequence -> sequence_item .)
    DOC_START_INDICATOR reduce using rule 18 (sequence -> sequence_item .)
    INDENT          reduce using rule 18 (sequence -> sequence_item .)
    CAST_TYPE       reduce using rule 18 (sequence -> sequence_item .)
    SCALAR          reduce using rule 18 (sequence -> sequence_item .)
    DEDENT          reduce using rule 18 (sequence -> sequence_item .)
    SEQUENCE_INDICATOR shift and go to state 5

  ! SEQUENCE_INDICATOR [ reduce using rule 18 (sequence -> sequence_item .) ]

    sequence_item                  shift and go to state 12
    sequence                       shift and go to state 20

state 13

    (14) map -> map_item . map
    (15) map -> map_item .
    (14) map -> . map_item map
    (15) map -> . map_item
    (16) map_item -> . scalar MAP_INDICATOR scalar
    (20) scalar -> . CAST_TYPE scalar
    (21) scalar -> . SCALAR

  ! shift/reduce conflict for CAST_TYPE resolved as shift
  ! shift/reduce conflict for SCALAR resolved as shift
    $end            reduce using rule 15 (map -> map_item .)
    DEDENT          reduce using rule 15 (map -> map_item .)
    DOC_END_INDICATOR reduce using rule 15 (map -> map_item .)
    DOC_START_INDICATOR reduce using rule 15 (map -> map_item .)
    INDENT          reduce using rule 15 (map -> map_item .)
    SEQUENCE_INDICATOR reduce using rule 15 (map -> map_item .)
    CAST_TYPE       shift and go to state 9
    SCALAR          shift and go to state 7

  ! CAST_TYPE       [ reduce using rule 15 (map -> map_item .) ]
  ! SCALAR          [ reduce using rule 15 (map -> map_item .) ]

    map                            shift and go to state 21
    scalar                         shift and go to state 22
    map_item                       shift and go to state 13

state 14

    (8) doc -> INDENT collection . DEDENT
    (9) doc -> INDENT collection .

    DEDENT          shift and go to state 23
    $end            reduce using rule 9 (doc -> INDENT collection .)
    DOC_END_INDICATOR reduce using rule 9 (doc -> INDENT collection .)
    DOC_START_INDICATOR reduce using rule 9 (doc -> INDENT collection .)
    INDENT          reduce using rule 9 (doc -> INDENT collection .)
    CAST_TYPE       reduce using rule 9 (doc -> INDENT collection .)
    SCALAR          reduce using rule 9 (doc -> INDENT collection .)
    SEQUENCE_INDICATOR reduce using rule 9 (doc -> INDENT collection .)


state 15

    (10) doc -> INDENT scalar . DEDENT
    (11) doc -> INDENT scalar .
    (16) map_item -> scalar . MAP_INDICATOR scalar

    DEDENT          shift and go to state 24
    $end            reduce using rule 11 (doc -> INDENT scalar .)
    DOC_END_INDICATOR reduce using rule 11 (doc -> INDENT scalar .)
    DOC_START_INDICATOR reduce using rule 11 (doc -> INDENT scalar .)
    INDENT          reduce using rule 11 (doc -> INDENT scalar .)
    CAST_TYPE       reduce using rule 11 (doc -> INDENT scalar .)
    SCALAR          reduce using rule 11 (doc -> INDENT scalar .)
    SEQUENCE_INDICATOR reduce using rule 11 (doc -> INDENT scalar .)
    MAP_INDICATOR   shift and go to state 19


state 16

    (1) docs -> DOC_START_INDICATOR doc . DOC_END_INDICATOR docs
    (2) docs -> DOC_START_INDICATOR doc . docs
    (3) docs -> DOC_START_INDICATOR doc . DOC_END_INDICATOR
    (4) docs -> DOC_START_INDICATOR doc .
    (1) docs -> . DOC_START_INDICATOR doc DOC_END_INDICATOR docs
    (2) docs -> . DOC_START_INDICATOR doc docs
    (3) docs -> . DOC_START_INDICATOR doc DOC_END_INDICATOR
    (4) docs -> . DOC_START_INDICATOR doc
    (5) docs -> . doc
    (6) doc -> . collection
    (7) doc -> . scalar
    (8) doc -> . INDENT collection DEDENT
    (9) doc -> . INDENT collection
    (10) doc -> . INDENT scalar DEDENT
    (11) doc -> . INDENT scalar
    (12) collection -> . sequence
    (13) collection -> . map
    (20) scalar -> . CAST_TYPE scalar
    (21) scalar -> . SCALAR
    (17) sequence -> . sequence_item sequence
    (18) sequence -> . sequence_item
    (14) map -> . map_item map
    (15) map -> . map_item
    (19) sequence_item -> . SEQUENCE_INDICATOR scalar
    (16) map_item -> . scalar MAP_INDICATOR scalar

    DOC_END_INDICATOR shift and go to state 25
    $end            reduce using rule 4 (docs -> DOC_START_INDICATOR doc .)
    DOC_START_INDICATOR shift and go to state 3
    INDENT          shift and go to state 2
    CAST_TYPE       shift and go to state 9
    SCALAR          shift and go to state 7
    SEQUENCE_INDICATOR shift and go to state 5

    map                            shift and go to state 1
    sequence                       shift and go to state 4
    doc                            shift and go to state 11
    collection                     shift and go to state 8
    scalar                         shift and go to state 10
    docs                           shift and go to state 26
    sequence_item                  shift and go to state 12
    map_item                       shift and go to state 13

state 17

    (19) sequence_item -> SEQUENCE_INDICATOR scalar .

    SEQUENCE_INDICATOR reduce using rule 19 (sequence_item -> SEQUENCE_INDICATOR scalar .)
    DEDENT          reduce using rule 19 (sequence_item -> SEQUENCE_INDICATOR scalar .)
    $end            reduce using rule 19 (sequence_item -> SEQUENCE_INDICATOR scalar .)
    DOC_END_INDICATOR reduce using rule 19 (sequence_item -> SEQUENCE_INDICATOR scalar .)
    DOC_START_INDICATOR reduce using rule 19 (sequence_item -> SEQUENCE_INDICATOR scalar .)
    INDENT          reduce using rule 19 (sequence_item -> SEQUENCE_INDICATOR scalar .)
    CAST_TYPE       reduce using rule 19 (sequence_item -> SEQUENCE_INDICATOR scalar .)
    SCALAR          reduce using rule 19 (sequence_item -> SEQUENCE_INDICATOR scalar .)


state 18

    (20) scalar -> CAST_TYPE scalar .

    DEDENT          reduce using rule 20 (scalar -> CAST_TYPE scalar .)
    MAP_INDICATOR   reduce using rule 20 (scalar -> CAST_TYPE scalar .)
    $end            reduce using rule 20 (scalar -> CAST_TYPE scalar .)
    DOC_END_INDICATOR reduce using rule 20 (scalar -> CAST_TYPE scalar .)
    DOC_START_INDICATOR reduce using rule 20 (scalar -> CAST_TYPE scalar .)
    INDENT          reduce using rule 20 (scalar -> CAST_TYPE scalar .)
    CAST_TYPE       reduce using rule 20 (scalar -> CAST_TYPE scalar .)
    SCALAR          reduce using rule 20 (scalar -> CAST_TYPE scalar .)
    SEQUENCE_INDICATOR reduce using rule 20 (scalar -> CAST_TYPE scalar .)


state 19

    (16) map_item -> scalar MAP_INDICATOR . scalar
    (20) scalar -> . CAST_TYPE scalar
    (21) scalar -> . SCALAR

    CAST_TYPE       shift and go to state 9
    SCALAR          shift and go to state 7

    scalar                         shift and go to state 27

state 20

    (17) sequence -> sequence_item sequence .

    $end            reduce using rule 17 (sequence -> sequence_item sequence .)
    DOC_END_INDICATOR reduce using rule 17 (sequence -> sequence_item sequence .)
    DOC_START_INDICATOR reduce using rule 17 (sequence -> sequence_item sequence .)
    INDENT          reduce using rule 17 (sequence -> sequence_item sequence .)
    CAST_TYPE       reduce using rule 17 (sequence -> sequence_item sequence .)
    SCALAR          reduce using rule 17 (sequence -> sequence_item sequence .)
    SEQUENCE_INDICATOR reduce using rule 17 (sequence -> sequence_item sequence .)
    DEDENT          reduce using rule 17 (sequence -> sequence_item sequence .)


state 21

    (14) map -> map_item map .

    $end            reduce using rule 14 (map -> map_item map .)
    DEDENT          reduce using rule 14 (map -> map_item map .)
    DOC_END_INDICATOR reduce using rule 14 (map -> map_item map .)
    DOC_START_INDICATOR reduce using rule 14 (map -> map_item map .)
    INDENT          reduce using rule 14 (map -> map_item map .)
    CAST_TYPE       reduce using rule 14 (map -> map_item map .)
    SCALAR          reduce using rule 14 (map -> map_item map .)
    SEQUENCE_INDICATOR reduce using rule 14 (map -> map_item map .)


state 22

    (16) map_item -> scalar . MAP_INDICATOR scalar

    MAP_INDICATOR   shift and go to state 19


state 23

    (8) doc -> INDENT collection DEDENT .

    $end            reduce using rule 8 (doc -> INDENT collection DEDENT .)
    DOC_END_INDICATOR reduce using rule 8 (doc -> INDENT collection DEDENT .)
    DOC_START_INDICATOR reduce using rule 8 (doc -> INDENT collection DEDENT .)
    INDENT          reduce using rule 8 (doc -> INDENT collection DEDENT .)
    CAST_TYPE       reduce using rule 8 (doc -> INDENT collection DEDENT .)
    SCALAR          reduce using rule 8 (doc -> INDENT collection DEDENT .)
    SEQUENCE_INDICATOR reduce using rule 8 (doc -> INDENT collection DEDENT .)


state 24

    (10) doc -> INDENT scalar DEDENT .

    $end            reduce using rule 10 (doc -> INDENT scalar DEDENT .)
    DOC_END_INDICATOR reduce using rule 10 (doc -> INDENT scalar DEDENT .)
    DOC_START_INDICATOR reduce using rule 10 (doc -> INDENT scalar DEDENT .)
    INDENT          reduce using rule 10 (doc -> INDENT scalar DEDENT .)
    CAST_TYPE       reduce using rule 10 (doc -> INDENT scalar DEDENT .)
    SCALAR          reduce using rule 10 (doc -> INDENT scalar DEDENT .)
    SEQUENCE_INDICATOR reduce using rule 10 (doc -> INDENT scalar DEDENT .)


state 25

    (1) docs -> DOC_START_INDICATOR doc DOC_END_INDICATOR . docs
    (3) docs -> DOC_START_INDICATOR doc DOC_END_INDICATOR .
    (1) docs -> . DOC_START_INDICATOR doc DOC_END_INDICATOR docs
    (2) docs -> . DOC_START_INDICATOR doc docs
    (3) docs -> . DOC_START_INDICATOR doc DOC_END_INDICATOR
    (4) docs -> . DOC_START_INDICATOR doc
    (5) docs -> . doc
    (6) doc -> . collection
    (7) doc -> . scalar
    (8) doc -> . INDENT collection DEDENT
    (9) doc -> . INDENT collection
    (10) doc -> . INDENT scalar DEDENT
    (11) doc -> . INDENT scalar
    (12) collection -> . sequence
    (13) collection -> . map
    (20) scalar -> . CAST_TYPE scalar
    (21) scalar -> . SCALAR
    (17) sequence -> . sequence_item sequence
    (18) sequence -> . sequence_item
    (14) map -> . map_item map
    (15) map -> . map_item
    (19) sequence_item -> . SEQUENCE_INDICATOR scalar
    (16) map_item -> . scalar MAP_INDICATOR scalar

    $end            reduce using rule 3 (docs -> DOC_START_INDICATOR doc DOC_END_INDICATOR .)
    DOC_START_INDICATOR shift and go to state 3
    INDENT          shift and go to state 2
    CAST_TYPE       shift and go to state 9
    SCALAR          shift and go to state 7
    SEQUENCE_INDICATOR shift and go to state 5

    map                            shift and go to state 1
    sequence                       shift and go to state 4
    doc                            shift and go to state 11
    collection                     shift and go to state 8
    scalar                         shift and go to state 10
    docs                           shift and go to state 28
    sequence_item                  shift and go to state 12
    map_item                       shift and go to state 13

state 26

    (2) docs -> DOC_START_INDICATOR doc docs .

    $end            reduce using rule 2 (docs -> DOC_START_INDICATOR doc docs .)


state 27

    (16) map_item -> scalar MAP_INDICATOR scalar .

    CAST_TYPE       reduce using rule 16 (map_item -> scalar MAP_INDICATOR scalar .)
    SCALAR          reduce using rule 16 (map_item -> scalar MAP_INDICATOR scalar .)
    $end            reduce using rule 16 (map_item -> scalar MAP_INDICATOR scalar .)
    DOC_END_INDICATOR reduce using rule 16 (map_item -> scalar MAP_INDICATOR scalar .)
    DOC_START_INDICATOR reduce using rule 16 (map_item -> scalar MAP_INDICATOR scalar .)
    INDENT          reduce using rule 16 (map_item -> scalar MAP_INDICATOR scalar .)
    SEQUENCE_INDICATOR reduce using rule 16 (map_item -> scalar MAP_INDICATOR scalar .)
    DEDENT          reduce using rule 16 (map_item -> scalar MAP_INDICATOR scalar .)


state 28

    (1) docs -> DOC_START_INDICATOR doc DOC_END_INDICATOR docs .

    $end            reduce using rule 1 (docs -> DOC_START_INDICATOR doc DOC_END_INDICATOR docs .)

WARNING: 
WARNING: Conflicts:
WARNING: 
WARNING: shift/reduce conflict for SEQUENCE_INDICATOR in state 12 resolved as shift
WARNING: shift/reduce conflict for CAST_TYPE in state 13 resolved as shift
WARNING: shift/reduce conflict for SCALAR in state 13 resolved as shift
